c:\users\phann\documents\visual studio 2015\projects\consoleapplication1\consoleapplication1\release\vc140.pdb
c:\users\phann\documents\visual studio 2015\projects\consoleapplication1\consoleapplication1\release\source1.obj
c:\users\phann\documents\visual studio 2015\projects\consoleapplication1\consoleapplication1\release\source.obj
c:\users\phann\documents\github\stm32-discovery\code vs\consoleapplication1\release\vc142.pdb
c:\users\phann\documents\github\stm32-discovery\code vs\consoleapplication1\release\source.obj
c:\users\phann\documents\github\stm32-discovery\code vs\release\consoleapplication1.ipdb
c:\users\phann\documents\github\stm32-discovery\code vs\release\consoleapplication1.iobj
c:\users\phann\documents\visual studio 2015\projects\consoleapplication1\release\consoleapplication1.exe
c:\users\phann\documents\visual studio 2015\projects\consoleapplication1\release\consoleapplication1.ipdb
c:\users\phann\documents\visual studio 2015\projects\consoleapplication1\release\consoleapplication1.iobj
c:\users\phann\documents\visual studio 2015\projects\consoleapplication1\release\consoleapplication1.pdb
c:\users\phann\documents\github\stm32-discovery\code vs\release\consoleapplication1.exe
c:\users\phann\documents\github\stm32-discovery\code vs\release\consoleapplication1.pdb
c:\users\phann\documents\github\stm32-discovery\code vs\consoleapplication1\release\source1.obj
c:\users\phann\documents\github\stm32-discovery\code vs\consoleapplication1\release\vc140.pdb
c:\users\phann\documents\github\stm32-discovery\code vs\consoleapplication1\release\consolea.bdfd6364.tlog\cl.command.1.tlog
c:\users\phann\documents\github\stm32-discovery\code vs\consoleapplication1\release\consolea.bdfd6364.tlog\cl.read.1.tlog
c:\users\phann\documents\github\stm32-discovery\code vs\consoleapplication1\release\consolea.bdfd6364.tlog\cl.write.1.tlog
c:\users\phann\documents\github\stm32-discovery\code vs\consoleapplication1\release\consolea.bdfd6364.tlog\consoleapplication1.write.1u.tlog
c:\users\phann\documents\github\stm32-discovery\code vs\consoleapplication1\release\consolea.bdfd6364.tlog\link.command.1.tlog
c:\users\phann\documents\github\stm32-discovery\code vs\consoleapplication1\release\consolea.bdfd6364.tlog\link.read.1.tlog
c:\users\phann\documents\github\stm32-discovery\code vs\consoleapplication1\release\consolea.bdfd6364.tlog\link.write.1.tlog
